<?xml version="1.0" encoding="UTF-8"?>
<testsuites name="TS_JavaTestProject" time="1" tests="1" failures="0" errors="0">
   <testsuite name="TS_JavaTestProject" tests="1" failures="0" errors="0" time="1" timestamp="2018-02-15 09:22:06" hostname="ENguli - LTTECH1550.safaricom.net" id="Test Suites/TS_JavaTestProject">
      <properties>
         <property name="deviceName" value=""/>
         <property name="devicePlatform" value=""/>
         <property name="logFolder" value="D:\\QA\\Interview\\JavaTestProject\\Reports\\TS_JavaTestProject\\20180215_092204"/>
         <property name="logFiles" value="D:\\QA\\Interview\\JavaTestProject\\Reports\\TS_JavaTestProject\\20180215_092204\\execution0.log"/>
         <property name="attachments" value=""/>
         <property name="hostName" value="ENguli - LTTECH1550.safaricom.net"/>
         <property name="hostAddress" value="172.31.56.62"/>
         <property name="os" value="Windows 7 64bit"/>
         <property name="katalonVersion" value="5.2.0.1"/>
      </properties>
      <testcase name="Test Cases/TC01_Verify Service Uptime" classname="Test Cases/TC01_Verify Service Uptime" status="PASSED">
         <system-out><![CDATA[2018-02-15 09:22:07 - [TEST_CASE][PASSED] - Test Cases/TC01_Verify Service Uptime: Test Cases/TC01_Verify Service Uptime

2018-02-15 09:22:07 - [TEST_STEP][PASSED] - comment: Define the service URL

2018-02-15 09:22:07 - [TEST_STEP][PASSED] - Statement - url = G_URL: null

2018-02-15 09:22:07 - [TEST_STEP][PASSED] - comment: Intialize the class requestObject by creating an object

2018-02-15 09:22:07 - [TEST_STEP][PASSED] - Statement - ro = new com.kms.katalon.core.testobject.RequestObject(): null

2018-02-15 09:22:07 - [TEST_STEP][PASSED] - comment: Set the Variables

2018-02-15 09:22:07 - [TEST_STEP][PASSED] - Statement - ro.setRestRequestMethod("GET"): null

2018-02-15 09:22:07 - [TEST_STEP][PASSED] - Statement - ro.setRestUrl(url): null

2018-02-15 09:22:07 - [TEST_STEP][PASSED] - comment: Call the Sendrequest Method

2018-02-15 09:22:07 - [TEST_STEP][PASSED] - Statement - resp = com.kms.katalon.core.webservice.keyword.WSBuiltInKeywords.sendRequest(ro): Send request successfully

2018-02-15 09:22:08 - [MESSAGE][PASSED] - Send request successfully

2018-02-15 09:22:08 - [TEST_STEP][PASSED] - comment: This returns the status code of the url / service - status code=200

2018-02-15 09:22:08 - [TEST_STEP][PASSED] - Statement - println(resp.getStatusCode()): null

2018-02-15 09:22:08 - [TEST_STEP][PASSED] - verifyEqual: Actual object '200' and expected object '200' are equal

2018-02-15 09:22:08 - [MESSAGE][PASSED] - Actual object '200' and expected object '200' are equal]]></system-out>
         <system-err><![CDATA[]]></system-err>
      </testcase>
      <system-out><![CDATA[2018-02-15 09:22:06 - [TEST_SUITE][PASSED] - TS_JavaTestProject: Test Cases/TC01_Verify Service Uptime]]></system-out>
      <system-err><![CDATA[]]></system-err>
   </testsuite>
</testsuites>
